日志时间:2016-08-09 21:09:05
超过重传次数，消息为：00020509000C00120015000331
日志时间:2016-08-09 21:09:12
超过重传次数，消息为：000105082D0B320F1E16053EDC
日志时间:2016-08-09 21:09:34
收到数据：EE000107310001FC
日志时间:2016-08-09 21:11:04
收到数据：EE000107310001FC
日志时间:2016-08-09 21:11:45
收到数据：EE000107310001FC
日志时间:2016-08-09 21:12:20
超过重传次数，消息为：000102313030300003
日志时间:2016-08-09 21:13:03
收到数据：EE000107310001FC
日志时间:2016-08-09 21:14:36
超过重传次数，消息为：000102313030300003
日志时间:2016-08-09 21:14:59
收到数据：EE000107310003FC
日志时间:2016-08-09 21:17:14
收到数据：EE000107310003FC
日志时间:2016-08-09 21:19:14
收到数据：EE000107310003FC
日志时间:2016-08-09 21:19:37
超过重传次数，消息为：000102313131300004
日志时间:2016-08-09 21:26:01
收到数据：EE000107310003FC
日志时间:2016-08-09 21:26:09
超过重传次数，消息为：000102313131300004
日志时间:2016-08-09 21:26:38
收到数据：EE000107310003FC
日志时间:2016-08-09 21:27:45
收到数据：EE000107310003FC
日志时间:2016-08-09 21:27:49
超过重传次数，消息为：000102313131300004
日志时间:2016-08-09 21:28:03
收到数据：EE000107310003FC
日志时间:2016-08-09 21:28:07
超过重传次数，消息为：000102313131300004
日志时间:2016-08-09 21:53:20
收到数据：EE00010631020003FC
日志时间:2016-08-09 21:57:50
收到数据：EE00010631020003FC
日志时间:2016-08-09 21:57:56
收到数据：EE00010631020003FC
日志时间:2016-08-09 21:57:56
收到数据：EE00010631020003FC
日志时间:2016-08-09 21:57:59
收到数据：EE00010631020003FC
日志时间:2016-08-09 21:58:00
收到数据：EE00010631020003FC
日志时间:2016-08-09 21:58:00
收到数据：EE00010631020003FC
日志时间:2016-08-09 21:58:01
收到数据：EE00010631020003FC
