日志时间:2016-08-09 21:04:22
************************Exception Start********************************
Exception Remark：数据处理异常
Exception Date:16/8/9 21:04:22
Exception Type:System.IndexOutOfRangeException
Exception Message:索引超出了数组界限。
Exception Source:MedicineBox
Exception StackTrace:   在 MedicineBox.Common.ByteToHexStr(Byte[] bytes, Int32 len) 位置 E:\MyCode\C#\医药盒\code\MedicineBox\MedicineBox\Common.cs:行号 27
   在 MedicineBox.Form1.HandleRecvDate(Object obj) 位置 E:\MyCode\C#\医药盒\code\MedicineBox\MedicineBox\Form1.cs:行号 110
************************Exception End************************************

日志时间:2016-08-09 21:04:50
************************Exception Start********************************
Exception Remark：数据处理异常
Exception Date:16/8/9 21:04:50
Exception Type:System.IndexOutOfRangeException
Exception Message:索引超出了数组界限。
Exception Source:MedicineBox
Exception StackTrace:   在 MedicineBox.Common.ByteToHexStr(Byte[] bytes, Int32 len) 位置 E:\MyCode\C#\医药盒\code\MedicineBox\MedicineBox\Common.cs:行号 27
   在 MedicineBox.Form1.HandleRecvDate(Object obj) 位置 E:\MyCode\C#\医药盒\code\MedicineBox\MedicineBox\Form1.cs:行号 110
************************Exception End************************************

日志时间:2016-08-09 21:05:05
************************Exception Start********************************
Exception Remark：数据处理异常
Exception Date:16/8/9 21:05:05
Exception Type:System.IndexOutOfRangeException
Exception Message:索引超出了数组界限。
Exception Source:MedicineBox
Exception StackTrace:   在 MedicineBox.Common.ByteToHexStr(Byte[] bytes, Int32 len) 位置 E:\MyCode\C#\医药盒\code\MedicineBox\MedicineBox\Common.cs:行号 27
   在 MedicineBox.Form1.HandleRecvDate(Object obj) 位置 E:\MyCode\C#\医药盒\code\MedicineBox\MedicineBox\Form1.cs:行号 110
************************Exception End************************************

